<?xml version="1.0" encoding="UTF-8"?>
<testng-results ignored="0" total="1" passed="1" failed="0" skipped="0">
  <reporter-output>
  </reporter-output>
  <suite started-at="2024-03-28T22:59:04 ICT" name="Default suite" finished-at="2024-03-28T22:59:04 ICT" duration-ms="25">
    <groups>
    </groups>
    <test started-at="2024-03-28T22:59:04 ICT" name="Default test" finished-at="2024-03-28T22:59:04 ICT" duration-ms="25">
      <class name="NewTest">
        <test-method signature="f()[pri:0, instance:NewTest@10d307f1]" started-at="2024-03-28T22:59:04 ICT" name="f" finished-at="2024-03-28T22:59:04 ICT" duration-ms="4" status="PASS">
          <reporter-output>
          </reporter-output>
        </test-method> <!-- f -->
      </class> <!-- NewTest -->
    </test> <!-- Default test -->
  </suite> <!-- Default suite -->
</testng-results>
